Using pre-set license
Built from '2021.3/staging' branch; Version is '2021.3.18f1 (3129e69bc0c7) revision 3221990'; Using compiler version '192829333'; Build Type 'Release'
OS: 'Windows 11  (10.0.22000) 64bit Core' Language: 'it' Physical Memory: 15815 MB
BatchMode: 1, IsHumanControllingUs: 0, StartBugReporterOnCrash: 0, Is64bit: 1, IsPro: 1

COMMAND LINE ARGUMENTS:
C:\Program Files\Unity\Hub\Editor\2021.3.18f1\Editor\Unity.exe
-adb2
-batchMode
-noUpm
-name
AssetImportWorker2
-projectPath
C:/Users/frank/OneDrive/Desktop/EventHorizon/VeneziaProjects/Cooking/Cooking/Cooking
-logFile
Logs/AssetImportWorker2.log
-srvPort
15648
Successfully changed project path to: C:/Users/frank/OneDrive/Desktop/EventHorizon/VeneziaProjects/Cooking/Cooking/Cooking
C:/Users/frank/OneDrive/Desktop/EventHorizon/VeneziaProjects/Cooking/Cooking/Cooking
[UnityMemory] Configuration Parameters - Can be set up in boot.config
    "memorysetup-bucket-allocator-granularity=16"
    "memorysetup-bucket-allocator-bucket-count=8"
    "memorysetup-bucket-allocator-block-size=33554432"
    "memorysetup-bucket-allocator-block-count=8"
    "memorysetup-main-allocator-block-size=16777216"
    "memorysetup-thread-allocator-block-size=16777216"
    "memorysetup-gfx-main-allocator-block-size=16777216"
    "memorysetup-gfx-thread-allocator-block-size=16777216"
    "memorysetup-cache-allocator-block-size=4194304"
    "memorysetup-typetree-allocator-block-size=2097152"
    "memorysetup-profiler-bucket-allocator-granularity=16"
    "memorysetup-profiler-bucket-allocator-bucket-count=8"
    "memorysetup-profiler-bucket-allocator-block-size=33554432"
    "memorysetup-profiler-bucket-allocator-block-count=8"
    "memorysetup-profiler-allocator-block-size=16777216"
    "memorysetup-profiler-editor-allocator-block-size=1048576"
    "memorysetup-temp-allocator-size-main=16777216"
    "memorysetup-job-temp-allocator-block-size=2097152"
    "memorysetup-job-temp-allocator-block-size-background=1048576"
    "memorysetup-job-temp-allocator-reduction-small-platforms=262144"
    "memorysetup-temp-allocator-size-background-worker=32768"
    "memorysetup-temp-allocator-size-job-worker=262144"
    "memorysetup-temp-allocator-size-preload-manager=33554432"
    "memorysetup-temp-allocator-size-nav-mesh-worker=65536"
    "memorysetup-temp-allocator-size-audio-worker=65536"
    "memorysetup-temp-allocator-size-cloud-worker=32768"
    "memorysetup-temp-allocator-size-gi-baking-worker=262144"
    "memorysetup-temp-allocator-size-gfx=262144"
Player connection [5736] Host "[IP] 172.20.12.140 [Port] 0 [Flags] 2 [Guid] 4216848309 [EditorId] 4216848309 [Version] 1048832 [Id] WindowsEditor(7,Frank) [Debug] 1 [PackageName] WindowsEditor [ProjectName] Editor" joined multi-casting on [225.0.0.222:54997]...

Player connection [5736] Host "[IP] 172.20.12.140 [Port] 0 [Flags] 2 [Guid] 4216848309 [EditorId] 4216848309 [Version] 1048832 [Id] WindowsEditor(7,Frank) [Debug] 1 [PackageName] WindowsEditor [ProjectName] Editor" joined alternative multi-casting on [225.0.0.222:34997]...

Refreshing native plugins compatible for Editor in 96.81 ms, found 3 plugins.
Preloading 0 native plugins for Editor in 0.00 ms.
Initialize engine version: 2021.3.18f1 (3129e69bc0c7)
[Subsystems] Discovering subsystems at path C:/Program Files/Unity/Hub/Editor/2021.3.18f1/Editor/Data/Resources/UnitySubsystems
[Subsystems] Discovering subsystems at path C:/Users/frank/OneDrive/Desktop/EventHorizon/VeneziaProjects/Cooking/Cooking/Cooking/Assets
GfxDevice: creating device client; threaded=0; jobified=0
Direct3D:
    Version:  Direct3D 11.0 [level 11.1]
    Renderer: NVIDIA GeForce RTX 2060 SUPER (ID=0x1f06)
    Vendor:   NVIDIA
    VRAM:     8019 MB
    Driver:   31.0.15.3130
Initialize mono
Mono path[0] = 'C:/Program Files/Unity/Hub/Editor/2021.3.18f1/Editor/Data/Managed'
Mono path[1] = 'C:/Program Files/Unity/Hub/Editor/2021.3.18f1/Editor/Data/MonoBleedingEdge/lib/mono/unityjit-win32'
Mono config path = 'C:/Program Files/Unity/Hub/Editor/2021.3.18f1/Editor/Data/MonoBleedingEdge/etc'
Using monoOptions --debugger-agent=transport=dt_socket,embedding=1,server=y,suspend=n,address=127.0.0.1:56176
Begin MonoManager ReloadAssembly
Registering precompiled unity dll's ...
Register platform support module: C:/Program Files/Unity/Hub/Editor/2021.3.18f1/Editor/Data/PlaybackEngines/WindowsStandaloneSupport/UnityEditor.WindowsStandalone.Extensions.dll
Registered in 0.003905 seconds.
Native extension for WindowsStandalone target not found
Refreshing native plugins compatible for Editor in 92.84 ms, found 3 plugins.
Preloading 0 native plugins for Editor in 0.00 ms.
Mono: successfully reloaded assembly
- Completed reload, in  0.611 seconds
Domain Reload Profiling:
	ReloadAssembly (611ms)
		BeginReloadAssembly (68ms)
			ExecutionOrderSort (0ms)
			DisableScriptedObjects (0ms)
			BackupInstance (0ms)
			ReleaseScriptingObjects (0ms)
			CreateAndSetChildDomain (1ms)
		EndReloadAssembly (442ms)
			LoadAssemblies (65ms)
			RebuildTransferFunctionScriptingTraits (0ms)
			SetupTypeCache (92ms)
			ReleaseScriptCaches (0ms)
			RebuildScriptCaches (27ms)
			SetupLoadedEditorAssemblies (276ms)
				LogAssemblyErrors (0ms)
				InitializePlatformSupportModulesInManaged (7ms)
				SetLoadedEditorAssemblies (0ms)
				RefreshPlugins (93ms)
				BeforeProcessingInitializeOnLoad (1ms)
				ProcessInitializeOnLoadAttributes (130ms)
				ProcessInitializeOnLoadMethodAttributes (45ms)
				AfterProcessingInitializeOnLoad (0ms)
				EditorAssembliesLoaded (0ms)
			ExecutionOrderSort2 (0ms)
			AwakeInstancesAfterBackupRestoration (0ms)
Platform modules already initialized, skipping
Registering precompiled user dll's ...
Registered in 0.004751 seconds.
Begin MonoManager ReloadAssembly
Symbol file LoadedFromMemory doesn't match image C:\Users\frank\OneDrive\Desktop\EventHorizon\VeneziaProjects\Cooking\Cooking\Cooking\Library\PackageCache\com.unity.visualscripting@1.8.0\Editor\VisualScripting.Core\Dependencies\YamlDotNet\Unity.VisualScripting.YamlDotNet.dll
Symbol file LoadedFromMemory doesn't match image C:\Users\frank\OneDrive\Desktop\EventHorizon\VeneziaProjects\Cooking\Cooking\Cooking\Library\PackageCache\com.unity.visualscripting@1.8.0\Editor\VisualScripting.Core\Dependencies\DotNetZip\Unity.VisualScripting.IonicZip.dll
Native extension for WindowsStandalone target not found
Refreshing native plugins compatible for Editor in 0.60 ms, found 3 plugins.
Preloading 0 native plugins for Editor in 0.00 ms.
Mono: successfully reloaded assembly
- Completed reload, in  0.898 seconds
Domain Reload Profiling:
	ReloadAssembly (898ms)
		BeginReloadAssembly (94ms)
			ExecutionOrderSort (0ms)
			DisableScriptedObjects (5ms)
			BackupInstance (0ms)
			ReleaseScriptingObjects (0ms)
			CreateAndSetChildDomain (18ms)
		EndReloadAssembly (702ms)
			LoadAssemblies (71ms)
			RebuildTransferFunctionScriptingTraits (0ms)
			SetupTypeCache (235ms)
			ReleaseScriptCaches (1ms)
			RebuildScriptCaches (46ms)
			SetupLoadedEditorAssemblies (311ms)
				LogAssemblyErrors (0ms)
				InitializePlatformSupportModulesInManaged (4ms)
				SetLoadedEditorAssemblies (0ms)
				RefreshPlugins (1ms)
				BeforeProcessingInitializeOnLoad (85ms)
				ProcessInitializeOnLoadAttributes (198ms)
				ProcessInitializeOnLoadMethodAttributes (17ms)
				AfterProcessingInitializeOnLoad (5ms)
				EditorAssembliesLoaded (0ms)
			ExecutionOrderSort2 (0ms)
			AwakeInstancesAfterBackupRestoration (5ms)
Platform modules already initialized, skipping
========================================================================
Worker process is ready to serve import requests
Launched and connected shader compiler UnityShaderCompiler.exe after 0.03 seconds
Refreshing native plugins compatible for Editor in 0.73 ms, found 3 plugins.
Preloading 0 native plugins for Editor in 0.00 ms.
Unloading 3048 Unused Serialized files (Serialized files now loaded: 0)
Unloading 24 unused Assets / (113.9 KB). Loaded Objects now: 3508.
Memory consumption went from 108.5 MB to 108.4 MB.
Total: 2.881200 ms (FindLiveObjects: 0.284000 ms CreateObjectMapping: 0.084000 ms MarkObjects: 2.410600 ms  DeleteObjects: 0.101600 ms)

AssetImportParameters requested are different than current active one (requested -> active):
  custom:video-decoder-ogg-theora: a1e56fd34408186e4bbccfd4996cb3dc -> 
  custom:container-muxer-webm: aa71ff27fc2769a1b78a27578f13a17b -> 
  custom:container-demuxer-webm: 4f35f7cbe854078d1ac9338744f61a02 -> 
  custom:video-encoder-webm-vp8: eb34c28f22e8b96e1ab97ce403110664 -> 
  custom:audio-encoder-webm-vorbis: bf7c407c2cedff20999df2af8eb42d56 -> 
  custom:framework-win-MediaFoundation: 216162199b28c13a410421893ffa2e32 -> 
  custom:container-demuxer-ogg: 62fdf1f143b41e24485cea50d1cbac27 -> 
  custom:video-decoder-webm-vp8: 9c59270c3fd7afecdb556c50c9e8de78 -> 
  custom:audio-decoder-ogg-vorbis: bf7c407c2cedff20999df2af8eb42d56 -> 
========================================================================
Received Import Request.
  Time since last request: 96843.448331 seconds.
  path: Assets/Moes_Tavern_Max/Moes Tavern.max
  artifactKey: Guid(7c409ca6811d32540afc975ae8339112) Importer(815301076,1909f56bfc062723c751e8b465ee728b)
Start importing Assets/Moes_Tavern_Max/Moes Tavern.max using Guid(7c409ca6811d32540afc975ae8339112) Importer(815301076,1909f56bfc062723c751e8b465ee728b)  -> (artifact id: '2a330d83937f0ea4319f24f2aa8ea89f') in 0.046838 seconds 
========================================================================
Received Import Request.
  Time since last request: 68.450189 seconds.
  path: Assets/Moes_Tavern_Max/AnyConv.com__Moes_Tavern.fbx
  artifactKey: Guid(ee75f1574f1e7634e8674404e9e5a13d) Importer(815301076,1909f56bfc062723c751e8b465ee728b)
Start importing Assets/Moes_Tavern_Max/AnyConv.com__Moes_Tavern.fbx using Guid(ee75f1574f1e7634e8674404e9e5a13d) Importer(815301076,1909f56bfc062723c751e8b465ee728b)  -> (artifact id: 'aaad184452d79e2ebd94ed6e10c119f3') in 0.259476 seconds 
========================================================================
Received Import Request.
  Time since last request: 72.228768 seconds.
  path: Assets/Moes_Tavern_Max/Materials
  artifactKey: Guid(c93c6108f64bd4e4987664271ea2ec11) Importer(815301076,1909f56bfc062723c751e8b465ee728b)
Start importing Assets/Moes_Tavern_Max/Materials using Guid(c93c6108f64bd4e4987664271ea2ec11) Importer(815301076,1909f56bfc062723c751e8b465ee728b)  -> (artifact id: '12ba87f8156d487d9c7788f0c7a16b28') in 0.011344 seconds 
========================================================================
Received Import Request.
  Time since last request: 0.053769 seconds.
  path: Assets/Moes_Tavern_Max/Materials/Moe's_Tavern_Door.mat
  artifactKey: Guid(0ef15f8055f9fef40b339d603a6fa6dc) Importer(815301076,1909f56bfc062723c751e8b465ee728b)
Start importing Assets/Moes_Tavern_Max/Materials/Moe's_Tavern_Door.mat using Guid(0ef15f8055f9fef40b339d603a6fa6dc) Importer(815301076,1909f56bfc062723c751e8b465ee728b)  -> (artifact id: '4528bc948f56eaf99cb900f92cd095b2') in 0.013434 seconds 
========================================================================
Received Import Request.
  Time since last request: 500.920215 seconds.
  path: Assets/Moes_Tavern_Max/Materials/Moe's_Purple_Wood.mat
  artifactKey: Guid(f53e14e2a7ab37e4396e1090de5d2a3d) Importer(815301076,1909f56bfc062723c751e8b465ee728b)
Start importing Assets/Moes_Tavern_Max/Materials/Moe's_Purple_Wood.mat using Guid(f53e14e2a7ab37e4396e1090de5d2a3d) Importer(815301076,1909f56bfc062723c751e8b465ee728b)  -> (artifact id: '2dd64f11259053af386b789079188a94') in 0.022117 seconds 
========================================================================
Received Import Request.
  Time since last request: 0.000032 seconds.
  path: Assets/Moes_Tavern_Max/Materials/MoesTavernWindow.mat
  artifactKey: Guid(139da4ff8c836c842a4a5ee9f336fb86) Importer(815301076,1909f56bfc062723c751e8b465ee728b)
Start importing Assets/Moes_Tavern_Max/Materials/MoesTavernWindow.mat using Guid(139da4ff8c836c842a4a5ee9f336fb86) Importer(815301076,1909f56bfc062723c751e8b465ee728b)  -> (artifact id: '63f8ea06aa46f4a98b5740bdb6a478d8') in 0.029448 seconds 
========================================================================
Received Import Request.
  Time since last request: 0.000044 seconds.
  path: Assets/Moes_Tavern_Max/Materials/Moe's_Tavern_Sign.mat
  artifactKey: Guid(dafd81643d3c6a64d96d98a9d6d3741b) Importer(815301076,1909f56bfc062723c751e8b465ee728b)
Start importing Assets/Moes_Tavern_Max/Materials/Moe's_Tavern_Sign.mat using Guid(dafd81643d3c6a64d96d98a9d6d3741b) Importer(815301076,1909f56bfc062723c751e8b465ee728b)  -> (artifact id: '58ac92ac93b42f5961cc76b8cf2cc93f') in 0.021635 seconds 
========================================================================
Received Import Request.
  Time since last request: 0.000029 seconds.
  path: Assets/Moes_Tavern_Max/Materials/Moe's_Tavern_Grey.mat
  artifactKey: Guid(bf7930018b358c045b16830c3baf8dc5) Importer(815301076,1909f56bfc062723c751e8b465ee728b)
Start importing Assets/Moes_Tavern_Max/Materials/Moe's_Tavern_Grey.mat using Guid(bf7930018b358c045b16830c3baf8dc5) Importer(815301076,1909f56bfc062723c751e8b465ee728b)  -> (artifact id: '5cf185f3a69c28c637929e73b7351ad3') in 0.034292 seconds 
Editor requested this worker to shutdown with reason: Scaling down because of idle timeout
AssetImportWorker is now disconnected from the server
Process exiting
Exiting without the bug reporter. Application will terminate with return code 0